=== AUTOPROTOTYPE EXECUTION LOG ===
Started: 2026-04-26 20:31:55
===================================

[20:31:55] [PM]       Product Manager Agent Active
[20:32:24] [PM]        -> Selected Frontend/Backend: React/FastAPI
[20:32:24] [PM]        -> Selected Database: PostgreSQL
[20:32:24] [PM]        -> Storage Required: True
[20:32:24] [PM]        -> Architecture plan generated.
[20:32:24] [BACKEND]  Backend Agent Active (Iteration 0)
[20:33:50] [BACKEND]  Backend Agent Finished (Iteration 0)
[20:33:50] [FRONTEND] Frontend Agent Active (Iteration 0)
[20:37:33] [FRONTEND] Frontend Agent Finished (Iteration 0)
[20:37:33] [DATA]     Data Agent Active (Iteration 0)
[20:39:13] [DATA]     Data Agent Finished (bucket_needed=True)
[20:39:13] [DEVOPS]   DevOps Agent Active
[20:39:20] [DEVOPS]   DevOps Agent Finished
[20:39:20] [EXEC]     Execution Node: Testing Code in Sandbox
[20:39:21] [EXEC]      -> Executor: Starting compose test run from /mnt/c/Agentic/auto-prototype/prototype_history/menu_app...
[20:40:34] [DEBUG]    Debugger Agent Active (Analyzing Logs)
[20:41:00] [DEBUG]    Debugger Output: VERDICT: FAIL
[20:41:00] [DEBUG]    BACKEND ISSUES:
[20:41:00] [DEBUG]    None
[20:41:00] [DEBUG]    FRONTEND ISSUES:
[20:41:00] [DEBUG]    None
[20:41:00] [DEBUG]    DATABASE ISSUES:
[20:41:00] [DEBUG]    The `restaurant_db` container is reported as **unhealthy**, which causes ...
[20:41:00] [DEBUG]    Router: Bugs found. Sending feedback back to Backend Developer.
[20:41:00] [DEBUG]    Router: Bugs found. Sending feedback back to Backend Developer.
[20:41:00] [SYSTEM]   Dynamic loop detected. Routing back to Backend (Iteration 1).
[20:41:00] [BACKEND]  Backend Agent Active (Iteration 1)
[20:41:14] [BACKEND]  [PATCH FAILED] Could not locate exact search block in original code.
[20:41:14] [BACKEND]  [PATCH FAILED] Could not locate exact search block in original code.
[20:41:14] [BACKEND]  [PATCH FAILED] Could not locate exact search block in original code.
[20:41:14] [BACKEND]  [PATCH FAILED] Could not locate exact search block in original code.
[20:41:14] [BACKEND]  Applied 0 patches successfully.
[20:41:14] [FRONTEND] Frontend Agent Active (Iteration 1)
[20:41:17] [FRONTEND] Applied 0 patches successfully.
[20:41:17] [DATA]     Data Agent Active (Iteration 1)
[20:41:22] [DATA]     [PATCH FAILED] Could not locate exact search block in original code.
[20:41:22] [DATA]     Applied 0 patches successfully.
[20:41:22] [DEVOPS]   DevOps Agent Active
[20:41:29] [DEVOPS]   DevOps Agent Finished
[20:41:29] [EXEC]     Execution Node: Testing Code in Sandbox
[20:41:29] [EXEC]      -> Executor: Starting compose test run from /mnt/c/Agentic/auto-prototype/prototype_history/menu_app...
[20:42:22] [DEBUG]    Debugger Agent Active (Analyzing Logs)
[20:42:41] [DEBUG]    Debugger Output: VERDICT: FAIL
[20:42:41] [DEBUG]    BACKEND ISSUES:
[20:42:41] [DEBUG]    None
[20:42:41] [DEBUG]    FRONTEND ISSUES:
[20:42:41] [DEBUG]    None
[20:42:41] [DEBUG]    DATABASE ISSUES:
[20:42:41] [DEBUG]    The `restaurant_db` container is reported as **unhealthy**, which causes ...
[20:42:42] [DEBUG]    Router: Bugs found. Sending feedback back to Backend Developer.
[20:42:42] [DEBUG]    Router: Bugs found. Sending feedback back to Backend Developer.
[20:42:42] [SYSTEM]   Dynamic loop detected. Routing back to Backend (Iteration 2).
[20:42:42] [BACKEND]  Backend Agent Active (Iteration 2)
[20:42:53] [BACKEND]  [PATCH FAILED] Could not locate exact search block in original code.
[20:42:53] [BACKEND]  Applied 1 patches successfully.
[20:42:53] [FRONTEND] Frontend Agent Active (Iteration 2)
[20:42:55] [FRONTEND] Applied 0 patches successfully.
[20:42:55] [DATA]     Data Agent Active (Iteration 2)
[20:43:09] [DATA]     Applied 4 patches successfully.
[20:43:09] [DEVOPS]   DevOps Agent Active
[20:43:19] [DEVOPS]   DevOps Agent Finished
[20:43:19] [EXEC]     Execution Node: Testing Code in Sandbox
[20:43:19] [EXEC]      -> Executor: Starting compose test run from /mnt/c/Agentic/auto-prototype/prototype_history/menu_app...
[20:43:29] [DEBUG]    Debugger Agent Active (Analyzing Logs)
[20:43:51] [DEBUG]    Debugger Output: Looking at the logs, the build succeeded for all images, but the `restaurant_db` container failed its healthcheck, causing the backend (and frontend) ...
[20:43:51] [DEBUG]    Router: Max iterations (3) reached. Forcing save with known bugs.
[20:43:51] [DEBUG]    Router: Max iterations (3) reached. Forcing save with known bugs.
[20:43:51] [SAVER]    Finalizing All Files
[20:43:51] [SAVER]    WARNING: Unresolved bugs remain. Writing bug report.
